<?xml version="1.0" encoding="UTF-8"?>
<!-- Generated by org.testng.reporters.JUnitReportReporter -->
<testsuite hostname="ProSmart-PC" failures="0" tests="1" name="testCases.AccountRegistrationTest" time="3.446" errors="0" timestamp="2024-10-06T11:57:04 EDT" skipped="0">
  <testcase classname="testCases.AccountRegistrationTest" name="validateAccountRegistration" time="3.446"/>
  <system-out/>
</testsuite> <!-- testCases.AccountRegistrationTest -->
